2021-01-29 07:13:59,077:INFO:discord.client: logging in using static token
2021-01-29 07:13:59,191:DEBUG:discord.http: GET https://discord.com/api/v7/users/@me with None has returned 200
2021-01-29 07:13:59,192:DEBUG:discord.http: GET https://discord.com/api/v7/users/@me has received {'id': '797753144641716245', 'username': 'Amree Bot', 'avatar': 'a79a4bb4f0328a943030e09dda0fb188', 'discriminator': '5702', 'public_flags': 0, 'flags': 0, 'bot': True, 'email': None, 'verified': True, 'locale': 'en-US', 'mfa_enabled': False}
2021-01-29 07:13:59,215:DEBUG:discord.http: GET https://discord.com/api/v7/gateway with None has returned 200
2021-01-29 07:13:59,216:DEBUG:discord.http: GET https://discord.com/api/v7/gateway has received {'url': 'wss://gateway.discord.gg'}
2021-01-29 07:13:59,304:DEBUG:discord.gateway: Created websocket connected to wss://gateway.discord.gg?encoding=json&v=6&compress=zlib-stream
2021-01-29 07:13:59,305:DEBUG:discord.client: Dispatching event socket_raw_receive
2021-01-29 07:13:59,305:DEBUG:discord.gateway: For Shard ID None: WebSocket Event: {'t': None, 's': None, 'op': 10, 'd': {'heartbeat_interval': 41250, '_trace': ['["gateway-prd-main-pwhw",{"micros":0.0}]']}}
2021-01-29 07:13:59,305:DEBUG:discord.client: Dispatching event socket_response
2021-01-29 07:13:59,305:DEBUG:discord.client: Dispatching event socket_raw_send
2021-01-29 07:13:59,306:DEBUG:discord.client: Dispatching event socket_raw_send
2021-01-29 07:13:59,306:INFO:discord.gateway: Shard ID None has sent the IDENTIFY payload.
2021-01-29 07:13:59,347:DEBUG:discord.client: Dispatching event socket_raw_receive
2021-01-29 07:13:59,348:DEBUG:discord.gateway: For Shard ID None: WebSocket Event: {'t': None, 's': None, 'op': 11, 'd': None}
2021-01-29 07:13:59,348:DEBUG:discord.client: Dispatching event socket_response
2021-01-29 07:13:59,441:DEBUG:discord.client: Dispatching event socket_raw_receive
2021-01-29 07:13:59,441:DEBUG:discord.gateway: For Shard ID None: WebSocket Event: {'t': 'READY', 's': 1, 'op': 0, 'd': {'v': 6, 'user_settings': {}, 'user': {'verified': True, 'username': 'Amree Bot', 'mfa_enabled': False, 'id': '797753144641716245', 'flags': 0, 'email': None, 'discriminator': '5702', 'bot': True, 'avatar': 'a79a4bb4f0328a943030e09dda0fb188'}, 'session_id': '55489abb6d14c2d470304edf242876e3', 'relationships': [], 'private_channels': [], 'presences': [], 'guilds': [{'unavailable': True, 'id': '748607596725796866'}], 'guild_join_requests': [], 'geo_ordered_rtc_regions': ['us-central', 'us-south', 'us-east', 'us-west', 'europe'], 'application': {'id': '797753144641716245', 'flags': 0}, '_trace': ['["gateway-prd-main-pwhw",{"micros":94418,"calls":["discord-sessions-prd-2-47",{"micros":88857,"calls":["start_session",{"micros":32558,"calls":["api-prd-main-2vgj",{"micros":29647,"calls":["get_user",{"micros":3315},"add_authorized_ip",{"micros":1969},"get_guilds",{"micros":3025},"coros_wait",{"micros":0}]}]},"guilds_connect",{"micros":2,"calls":[]},"presence_connect",{"micros":29146,"calls":[]}]}]}]']}}
2021-01-29 07:13:59,442:DEBUG:discord.client: Dispatching event socket_response
2021-01-29 07:13:59,442:INFO:discord.gateway: Shard ID None has connected to Gateway: ["gateway-prd-main-pwhw",{"micros":94418,"calls":["discord-sessions-prd-2-47",{"micros":88857,"calls":["start_session",{"micros":32558,"calls":["api-prd-main-2vgj",{"micros":29647,"calls":["get_user",{"micros":3315},"add_authorized_ip",{"micros":1969},"get_guilds",{"micros":3025},"coros_wait",{"micros":0}]}]},"guilds_connect",{"micros":2,"calls":[]},"presence_connect",{"micros":29146,"calls":[]}]}]}] (Session ID: 55489abb6d14c2d470304edf242876e3).
2021-01-29 07:13:59,464:DEBUG:discord.client: Dispatching event connect
2021-01-29 07:13:59,464:DEBUG:discord.client: Dispatching event socket_raw_receive
2021-01-29 07:13:59,464:DEBUG:discord.gateway: For Shard ID None: WebSocket Event: {'t': 'GUILD_CREATE', 's': 2, 'op': 0, 'd': {'description': None, 'premium_tier': 0, 'voice_states': [], 'rules_channel_id': None, 'premium_subscription_count': 0, 'region': 'singapore', 'lazy': True, 'vanity_url_code': None, 'guild_hashes': {'version': 1, 'roles': {'omitted': False, 'hash': 'cfTXZPjvfNw'}, 'metadata': {'omitted': False, 'hash': 'sVmPLthcS44'}, 'channels': {'omitted': False, 'hash': 'xd49WjTozIc'}}, 'joined_at': '2021-01-10T09:10:40.801000+00:00', 'afk_channel_id': None, 'max_members': 250000, 'discovery_splash': None, 'features': [], 'verification_level': 0, 'mfa_level': 0, 'afk_timeout': 300, 'icon': None, 'channels': [{'type': 4, 'position': 0, 'permission_overwrites': [], 'name': 'Text Channels', 'id': '748607596725796868'}, {'type': 4, 'position': 0, 'permission_overwrites': [], 'name': 'Voice Channels', 'id': '748607596725796869'}, {'type': 0, 'topic': None, 'rate_limit_per_user': 0, 'position': 0, 'permission_overwrites': [], 'parent_id': '748607596725796868', 'name': 'general', 'last_message_id': '804609864101003284', 'id': '748607597166198935'}, {'user_limit': 0, 'type': 2, 'position': 0, 'permission_overwrites': [], 'parent_id': '748607596725796869', 'name': 'General', 'id': '748607597166198937', 'bitrate': 64000}, {'type': 0, 'topic': None, 'rate_limit_per_user': 0, 'position': 1, 'permission_overwrites': [], 'parent_id': '748607596725796868', 'name': 'bot-development', 'last_message_id': '802525737315074058', 'id': '797672953239830529'}], 'name': "nekoking98's server", 'unavailable': False, 'emojis': [{'roles': [], 'require_colons': True, 'name': 'Galaxybop', 'managed': False, 'id': '793823736226643968', 'available': True, 'animated': True}], 'system_channel_id': '748607597166198935', 'banner': None, 'presences': [], 'default_message_notifications': 0, 'member_count': 4, 'system_channel_flags': 0, 'application_id': None, 'public_updates_channel_id': None, 'roles': [{'position': 0, 'permissions_new': '104320577', 'permissions': 104320577, 'name': '@everyone', 'mentionable': False, 'managed': False, 'id': '748607596725796866', 'hoist': False, 'color': 0}, {'tags': {'bot_id': '701279919015067658'}, 'position': 1, 'permissions_new': '313408', 'permissions': 313408, 'name': 'Lavinia', 'mentionable': False, 'managed': True, 'id': '765471476118978602', 'hoist': False, 'color': 0}, {'tags': {'bot_id': '797753144641716245'}, 'position': 1, 'permissions_new': '518208', 'permissions': 518208, 'name': 'Amree Bot', 'mentionable': False, 'managed': True, 'id': '797754275232874527', 'hoist': False, 'color': 0}], 'max_video_channel_users': 25, 'members': [{'user': {'username': 'Amree Bot', 'id': '797753144641716245', 'discriminator': '5702', 'bot': True, 'avatar': 'a79a4bb4f0328a943030e09dda0fb188'}, 'roles': ['797754275232874527'], 'mute': False, 'joined_at': '2021-01-10T09:10:40.801000+00:00', 'hoisted_role': None, 'deaf': False}], 'large': False, 'explicit_content_filter': 0, 'preferred_locale': 'en-US', 'owner_id': '461782041856311306', 'threads': [], 'id': '748607596725796866', 'splash': None}}
2021-01-29 07:13:59,464:DEBUG:discord.client: Dispatching event socket_response
2021-01-29 07:13:59,465:DEBUG:discord.client: Dispatching event guild_available
2021-01-29 07:14:01,466:DEBUG:discord.client: Dispatching event ready
2021-01-29 07:14:17,739:DEBUG:discord.client: Dispatching event socket_raw_receive
2021-01-29 07:14:17,740:DEBUG:discord.gateway: For Shard ID None: WebSocket Event: {'t': 'TYPING_START', 's': 3, 'op': 0, 'd': {'user_id': '461782041856311306', 'timestamp': 1611904457, 'member': {'user': {'username': 'nekoking98', 'id': '461782041856311306', 'discriminator': '3782', 'avatar': '28c22a725b352b51cfeb7b8b8c12e5e5'}, 'roles': [], 'mute': False, 'joined_at': '2020-08-27T18:19:19.586000+00:00', 'hoisted_role': None, 'deaf': False}, 'channel_id': '748607597166198935', 'guild_id': '748607596725796866'}}
2021-01-29 07:14:17,740:DEBUG:discord.client: Dispatching event socket_response
2021-01-29 07:14:18,371:DEBUG:discord.client: Dispatching event socket_raw_receive
2021-01-29 07:14:18,371:DEBUG:discord.gateway: For Shard ID None: WebSocket Event: {'t': 'MESSAGE_CREATE', 's': 4, 'op': 0, 'd': {'type': 0, 'tts': False, 'timestamp': '2021-01-29T07:14:18.310000+00:00', 'referenced_message': None, 'pinned': False, 'nonce': '804610356709163008', 'mentions': [], 'mention_roles': [], 'mention_everyone': False, 'member': {'roles': [], 'mute': False, 'joined_at': '2020-08-27T18:19:19.586000+00:00', 'hoisted_role': None, 'deaf': False}, 'id': '804610358106914857', 'flags': 0, 'embeds': [], 'edited_timestamp': None, 'content': '$repeat hello', 'channel_id': '748607597166198935', 'author': {'username': 'nekoking98', 'public_flags': 0, 'id': '461782041856311306', 'discriminator': '3782', 'avatar': '28c22a725b352b51cfeb7b8b8c12e5e5'}, 'attachments': [], 'guild_id': '748607596725796866'}}
2021-01-29 07:14:18,371:DEBUG:discord.client: Dispatching event socket_response
2021-01-29 07:14:18,372:DEBUG:discord.client: Dispatching event message
2021-01-29 07:14:40,556:DEBUG:discord.gateway: Keeping shard ID None websocket alive with sequence 4.
2021-01-29 07:14:40,600:DEBUG:discord.client: Dispatching event socket_raw_receive
2021-01-29 07:14:40,600:DEBUG:discord.gateway: For Shard ID None: WebSocket Event: {'t': None, 's': None, 'op': 11, 'd': None}
2021-01-29 07:14:40,601:DEBUG:discord.client: Dispatching event socket_response
2021-01-29 07:15:21,807:DEBUG:discord.gateway: Keeping shard ID None websocket alive with sequence 4.
2021-01-29 07:15:21,851:DEBUG:discord.client: Dispatching event socket_raw_receive
2021-01-29 07:15:21,852:DEBUG:discord.gateway: For Shard ID None: WebSocket Event: {'t': None, 's': None, 'op': 11, 'd': None}
2021-01-29 07:15:21,852:DEBUG:discord.client: Dispatching event socket_response
2021-01-29 07:16:03,058:DEBUG:discord.gateway: Keeping shard ID None websocket alive with sequence 4.
2021-01-29 07:16:03,100:DEBUG:discord.client: Dispatching event socket_raw_receive
2021-01-29 07:16:03,100:DEBUG:discord.gateway: For Shard ID None: WebSocket Event: {'t': None, 's': None, 'op': 11, 'd': None}
2021-01-29 07:16:03,100:DEBUG:discord.client: Dispatching event socket_response
2021-01-29 07:16:41,354:DEBUG:discord.client: Dispatching event socket_raw_receive
2021-01-29 07:16:41,355:DEBUG:discord.gateway: For Shard ID None: WebSocket Event: {'t': 'MESSAGE_CREATE', 's': 5, 'op': 0, 'd': {'type': 0, 'tts': False, 'timestamp': '2021-01-29T07:16:41.317000+00:00', 'referenced_message': None, 'pinned': False, 'nonce': '804610956402360320', 'mentions': [], 'mention_roles': [], 'mention_everyone': False, 'member': {'roles': [], 'mute': False, 'joined_at': '2020-08-27T18:19:19.586000+00:00', 'hoisted_role': None, 'deaf': False}, 'id': '804610957921878036', 'flags': 0, 'embeds': [], 'edited_timestamp': None, 'content': '$list', 'channel_id': '748607597166198935', 'author': {'username': 'nekoking98', 'public_flags': 0, 'id': '461782041856311306', 'discriminator': '3782', 'avatar': '28c22a725b352b51cfeb7b8b8c12e5e5'}, 'attachments': [], 'guild_id': '748607596725796866'}}
2021-01-29 07:16:41,355:DEBUG:discord.client: Dispatching event socket_response
2021-01-29 07:16:41,355:DEBUG:discord.client: Dispatching event message
2021-01-29 07:16:44,309:DEBUG:discord.gateway: Keeping shard ID None websocket alive with sequence 5.
2021-01-29 07:16:44,352:DEBUG:discord.client: Dispatching event socket_raw_receive
2021-01-29 07:16:44,352:DEBUG:discord.gateway: For Shard ID None: WebSocket Event: {'t': None, 's': None, 'op': 11, 'd': None}
2021-01-29 07:16:44,352:DEBUG:discord.client: Dispatching event socket_response
